PdCore/build/outputs/logs/manifest-merger-debug-report.txt
-- Merging decision tree log ---
manifest
ADDED from Harmonator\PdCore\AndroidManifest.xml:2:1-7:12
INJECTED from Harmonator\PdCore\AndroidManifest.xml:2:1-7:12
INJECTED from Harmonator\PdCore\AndroidManifest.xml:2:1-7:12
INJECTED from Harmonator\PdCore\AndroidManifest.xml:2:1-7:12
INJECTED from Harmonator\PdCore\AndroidManifest.xml:2:1-7:12
INJECTED from Harmonator\PdCore\AndroidManifest.xml:2:1-7:12
INJECTED from Harmonator\PdCore\AndroidManifest.xml:2:1-7:12
	package
		ADDED from Harmonator\PdCore\AndroidManifest.xml:3:7-45
		INJECTED from Harmonator\PdCore\AndroidManifest.xml
		INJECTED from Harmonator\PdCore\AndroidManifest.xml
	android:versionName
		ADDED from Harmonator\PdCore\AndroidManifest.xml:5:7-32
		INJECTED from Harmonator\PdCore\AndroidManifest.xml
		INJECTED from Harmonator\PdCore\AndroidManifest.xml
	xmlns:android
		ADDED from Harmonator\PdCore\AndroidManifest.xml:2:11-69
	android:versionCode
		ADDED from Harmonator\PdCore\AndroidManifest.xml:4:7-30
		INJECTED from Harmonator\PdCore\AndroidManifest.xml
		INJECTED from Harmonator\PdCore\AndroidManifest.xml
uses-sdk
ADDED from Harmonator\PdCore\AndroidManifest.xml:6:7-45
INJECTED from Harmonator\PdCore\AndroidManifest.xml:6:7-45
INJECTED from Harmonator\PdCore\AndroidManifest.xml:6:7-45
INJECTED from Harmonator\PdCore\AndroidManifest.xml:6:7-45
INJECTED from Harmonator\PdCore\AndroidManifest.xml:6:7-45
	android:targetSdkVersion
		INJECTED from Harmonator\PdCore\AndroidManifest.xml
		ADDED from Harmonator\PdCore\AndroidManifest.xml:6:7-45
		INJECTED from Harmonator\PdCore\AndroidManifest.xml
	android:minSdkVersion
		ADDED from Harmonator\PdCore\AndroidManifest.xml:6:17-42
		INJECTED from Harmonator\PdCore\AndroidManifest.xml
		INJECTED from Harmonator\PdCore\AndroidManifest.xml